<?xml version="1.0" encoding="UTF-8"?>
<testsuite name="com.board.project.ProjectBoardApplicationTests" tests="1" skipped="0" failures="0" errors="0" timestamp="2023-08-12T09:38:15" hostname="dui-MacBookAir.local" time="0.1">
  <properties/>
  <testcase name="contextLoads()" classname="com.board.project.ProjectBoardApplicationTests" time="0.1"/>
  <system-out><![CDATA[18:38:13.226 [Test worker] DEBUG org.springframework.test.context.BootstrapUtils - Instantiating CacheAwareContextLoaderDelegate from class [org.springframework.test.context.cache.DefaultCacheAwareContextLoaderDelegate]
18:38:13.237 [Test worker] DEBUG org.springframework.test.context.BootstrapUtils - Instantiating BootstrapContext using constructor [public org.springframework.test.context.support.DefaultBootstrapContext(java.lang.Class,org.springframework.test.context.CacheAwareContextLoaderDelegate)]
18:38:13.256 [Test worker] DEBUG org.springframework.test.context.BootstrapUtils - Instantiating TestContextBootstrapper for test class [com.board.project.ProjectBoardApplicationTests] from class [org.springframework.boot.test.context.SpringBootTestContextBootstrapper]
18:38:13.261 [Test worker] INFO org.springframework.boot.test.context.SpringBootTestContextBootstrapper - Neither @ContextConfiguration nor @ContextHierarchy found for test class [com.board.project.ProjectBoardApplicationTests], using SpringBootContextLoader
18:38:13.263 [Test worker] DEBUG org.springframework.test.context.support.AbstractContextLoader - Did not detect default resource location for test class [com.board.project.ProjectBoardApplicationTests]: class path resource [com/board/project/ProjectBoardApplicationTests-context.xml] does not exist
18:38:13.264 [Test worker] DEBUG org.springframework.test.context.support.AbstractContextLoader - Did not detect default resource location for test class [com.board.project.ProjectBoardApplicationTests]: class path resource [com/board/project/ProjectBoardApplicationTestsContext.groovy] does not exist
18:38:13.264 [Test worker] INFO org.springframework.test.context.support.AbstractContextLoader - Could not detect default resource locations for test class [com.board.project.ProjectBoardApplicationTests]: no resource found for suffixes {-context.xml, Context.groovy}.
18:38:13.264 [Test worker] INFO org.springframework.test.context.support.AnnotationConfigContextLoaderUtils - Could not detect default configuration classes for test class [com.board.project.ProjectBoardApplicationTests]: ProjectBoardApplicationTests does not declare any static, non-private, non-final, nested classes annotated with @Configuration.
18:38:13.290 [Test worker] DEBUG org.springframework.test.context.support.ActiveProfilesUtils - Could not find an 'annotation declaring class' for annotation type [org.springframework.test.context.ActiveProfiles] and class [com.board.project.ProjectBoardApplicationTests]
18:38:13.314 [Test worker] DEBUG org.springframework.context.annotation.ClassPathScanningCandidateComponentProvider - Identified candidate component class: file [/Users/e/Documents/github/project-board/build/classes/java/main/com/board/project/ProjectBoardApplication.class]
18:38:13.315 [Test worker] INFO org.springframework.boot.test.context.SpringBootTestContextBootstrapper - Found @SpringBootConfiguration com.board.project.ProjectBoardApplication for test class com.board.project.ProjectBoardApplicationTests
18:38:13.359 [Test worker] DEBUG org.springframework.boot.test.context.SpringBootTestContextBootstrapper - @TestExecutionListeners is not present for class [com.board.project.ProjectBoardApplicationTests]: using defaults.
18:38:13.359 [Test worker] INFO org.springframework.boot.test.context.SpringBootTestContextBootstrapper - Loaded default TestExecutionListener class names from location [META-INF/spring.factories]: [org.springframework.boot.test.autoconfigure.restdocs.RestDocsTestExecutionListener, org.springframework.boot.test.autoconfigure.web.client.MockRestServiceServerResetTestExecutionListener, org.springframework.boot.test.autoconfigure.web.servlet.MockMvcPrintOnlyOnFailureTestExecutionListener, org.springframework.boot.test.autoconfigure.web.servlet.WebDriverTestExecutionListener, org.springframework.boot.test.autoconfigure.webservices.client.MockWebServiceServerTestExecutionListener, org.springframework.boot.test.mock.mockito.MockitoTestExecutionListener, org.springframework.boot.test.mock.mockito.ResetMocksTestExecutionListener, org.springframework.test.context.web.ServletTestExecutionListener, org.springframework.test.context.support.DirtiesContextBeforeModesTestExecutionListener, org.springframework.test.context.event.ApplicationEventsTestExecutionListener, org.springframework.test.context.support.DependencyInjectionTestExecutionListener, org.springframework.test.context.support.DirtiesContextTestExecutionListener, org.springframework.test.context.transaction.TransactionalTestExecutionListener, org.springframework.test.context.jdbc.SqlScriptsTestExecutionListener, org.springframework.test.context.event.EventPublishingTestExecutionListener]
18:38:13.367 [Test worker] INFO org.springframework.boot.test.context.SpringBootTestContextBootstrapper - Using TestExecutionListeners: [org.springframework.test.context.web.ServletTestExecutionListener@238b521e, org.springframework.test.context.support.DirtiesContextBeforeModesTestExecutionListener@1b39fd82, org.springframework.test.context.event.ApplicationEventsTestExecutionListener@3e2fc448, org.springframework.boot.test.mock.mockito.MockitoTestExecutionListener@21680803, org.springframework.boot.test.autoconfigure.SpringBootDependencyInjectionTestExecutionListener@588ab592, org.springframework.test.context.support.DirtiesContextTestExecutionListener@c8b96ec, org.springframework.test.context.transaction.TransactionalTestExecutionListener@4cc61eb1, org.springframework.test.context.jdbc.SqlScriptsTestExecutionListener@2d8f2f3a, org.springframework.test.context.event.EventPublishingTestExecutionListener@2024293c, org.springframework.boot.test.autoconfigure.restdocs.RestDocsTestExecutionListener@7048f722, org.springframework.boot.test.autoconfigure.web.client.MockRestServiceServerResetTestExecutionListener@c074c0c, org.springframework.boot.test.autoconfigure.web.servlet.MockMvcPrintOnlyOnFailureTestExecutionListener@58a55449, org.springframework.boot.test.autoconfigure.web.servlet.WebDriverTestExecutionListener@5949eba8, org.springframework.boot.test.autoconfigure.webservices.client.MockWebServiceServerTestExecutionListener@6e0ff644, org.springframework.boot.test.mock.mockito.ResetMocksTestExecutionListener@58dea0a5]
18:38:13.369 [Test worker] DEBUG org.springframework.test.context.support.AbstractDirtiesContextTestExecutionListener - Before test class: context [DefaultTestContext@3a7b503d testClass = ProjectBoardApplicationTests, testInstance = [null], testMethod = [null], testException = [null], mergedContextConfiguration = [WebMergedContextConfiguration@512d92b testClass = ProjectBoardApplicationTests, locations = '{}', classes = '{class com.board.project.ProjectBoardApplication}', contextInitializerClasses = '[]', activeProfiles = '{}', propertySourceLocations = '{}', propertySourceProperties = '{org.springframework.boot.test.context.SpringBootTestContextBootstrapper=true}', contextCustomizers = set[org.springframework.boot.test.autoconfigure.actuate.metrics.MetricsExportContextCustomizerFactory$DisableMetricExportContextCustomizer@6eeade6c, org.springframework.boot.test.autoconfigure.properties.PropertyMappingContextCustomizer@0, org.springframework.boot.test.autoconfigure.web.servlet.WebDriverContextCustomizerFactory$Customizer@4febb875, org.springframework.boot.test.context.filter.ExcludeFilterContextCustomizer@328cf0e1, org.springframework.boot.test.json.DuplicateJsonObjectContextCustomizerFactory$DuplicateJsonObjectContextCustomizer@183e8023, org.springframework.boot.test.mock.mockito.MockitoContextCustomizer@0, org.springframework.boot.test.web.client.TestRestTemplateContextCustomizer@4ee37ca3, org.springframework.boot.test.context.SpringBootTestArgs@1, org.springframework.boot.test.context.SpringBootTestWebEnvironment@1b410b60], resourceBasePath = 'src/main/webapp', contextLoader = 'org.springframework.boot.test.context.SpringBootContextLoader', parent = [null]], attributes = map['org.springframework.test.context.web.ServletTestExecutionListener.activateListener' -> true]], class annotated with @DirtiesContext [false] with mode [null].

  .   ____          _            __ _ _
 /\\ / ___'_ __ _ _(_)_ __  __ _ \ \ \ \
( ( )\___ | '_ | '_| | '_ \/ _` | \ \ \ \
 \\/  ___)| |_)| | | | | || (_| |  ) ) ) )
  '  |____| .__|_| |_|_| |_\__, | / / / /
 =========|_|==============|___/=/_/_/_/
 :: Spring Boot ::               (v2.7.14)

2023-08-12 18:38:13.557  INFO 10613 --- [    Test worker] c.b.p.ProjectBoardApplicationTests       : Starting ProjectBoardApplicationTests using Java 11.0.18 on dui-MacBookAir.local with PID 10613 (started by e in /Users/e/Documents/github/project-board)
2023-08-12 18:38:13.557 DEBUG 10613 --- [    Test worker] c.b.p.ProjectBoardApplicationTests       : Running with Spring Boot v2.7.14, Spring v5.3.29
2023-08-12 18:38:13.558  INFO 10613 --- [    Test worker] c.b.p.ProjectBoardApplicationTests       : No active profile set, falling back to 1 default profile: "default"
2023-08-12 18:38:13.958  INFO 10613 --- [    Test worker] .s.d.r.c.RepositoryConfigurationDelegate : Bootstrapping Spring Data JPA repositories in DEFAULT mode.
2023-08-12 18:38:13.975  INFO 10613 --- [    Test worker] .s.d.r.c.RepositoryConfigurationDelegate : Finished Spring Data repository scanning in 5 ms. Found 0 JPA repository interfaces.
2023-08-12 18:38:14.215  INFO 10613 --- [    Test worker] o.hibernate.jpa.internal.util.LogHelper  : HHH000204: Processing PersistenceUnitInfo [name: default]
2023-08-12 18:38:14.237  INFO 10613 --- [    Test worker] org.hibernate.Version                    : HHH000412: Hibernate ORM core version 5.6.15.Final
2023-08-12 18:38:14.320  INFO 10613 --- [    Test worker] o.hibernate.annotations.common.Version   : HCANN000001: Hibernate Commons Annotations {5.1.2.Final}
2023-08-12 18:38:14.368  INFO 10613 --- [    Test worker] com.zaxxer.hikari.HikariDataSource       : HikariPool-1 - Starting...
2023-08-12 18:38:14.645  INFO 10613 --- [    Test worker] com.zaxxer.hikari.HikariDataSource       : HikariPool-1 - Start completed.
2023-08-12 18:38:14.664  INFO 10613 --- [    Test worker] org.hibernate.dialect.Dialect            : HHH000400: Using dialect: org.hibernate.dialect.MySQL8Dialect
2023-08-12 18:38:14.755  INFO 10613 --- [    Test worker] o.h.e.t.j.p.i.JtaPlatformInitiator       : HHH000490: Using JtaPlatform implementation: [org.hibernate.engine.transaction.jta.platform.internal.NoJtaPlatform]
2023-08-12 18:38:14.761  INFO 10613 --- [    Test worker] j.LocalContainerEntityManagerFactoryBean : Initialized JPA EntityManagerFactory for persistence unit 'default'
2023-08-12 18:38:14.874  WARN 10613 --- [    Test worker] JpaBaseConfiguration$JpaWebConfiguration : spring.jpa.open-in-view is enabled by default. Therefore, database queries may be performed during view rendering. Explicitly configure spring.jpa.open-in-view to disable this warning
2023-08-12 18:38:15.053 DEBUG 10613 --- [    Test worker] s.w.s.m.m.a.RequestMappingHandlerAdapter : ControllerAdvice beans: 0 @ModelAttribute, 0 @InitBinder, 1 RequestBodyAdvice, 1 ResponseBodyAdvice
2023-08-12 18:38:15.070  INFO 10613 --- [    Test worker] o.s.b.a.h2.H2ConsoleAutoConfiguration    : H2 console available at '/h2-console'. Database available at 'jdbc:mysql://localhost:3306/board'
2023-08-12 18:38:15.111 DEBUG 10613 --- [    Test worker] s.w.s.m.m.a.RequestMappingHandlerMapping : 2 mappings in 'requestMappingHandlerMapping'
2023-08-12 18:38:15.129 DEBUG 10613 --- [    Test worker] o.s.w.s.handler.SimpleUrlHandlerMapping  : Patterns [/webjars/**, /**] in 'resourceHandlerMapping'
2023-08-12 18:38:15.137 DEBUG 10613 --- [    Test worker] .m.m.a.ExceptionHandlerExceptionResolver : ControllerAdvice beans: 0 @ExceptionHandler, 1 ResponseBodyAdvice
2023-08-12 18:38:15.322  INFO 10613 --- [    Test worker] o.s.b.a.e.web.EndpointLinksResolver      : Exposing 13 endpoint(s) beneath base path '/actuator'
2023-08-12 18:38:15.350  INFO 10613 --- [    Test worker] c.b.p.ProjectBoardApplicationTests       : Started ProjectBoardApplicationTests in 1.964 seconds (JVM running for 2.509)
]]></system-out>
  <system-err><![CDATA[]]></system-err>
</testsuite>
