<?xml version="1.0" encoding="UTF-8"?>
<testsuite name="com.board.project.ProjectBoardApplicationTests" tests="1" skipped="0" failures="0" errors="0" timestamp="2023-08-12T12:10:44" hostname="dui-MacBookAir.local" time="0.126">
  <properties/>
  <testcase name="contextLoads()" classname="com.board.project.ProjectBoardApplicationTests" time="0.126"/>
  <system-out><![CDATA[21:10:42.300 [Test worker] DEBUG org.springframework.test.context.BootstrapUtils - Instantiating CacheAwareContextLoaderDelegate from class [org.springframework.test.context.cache.DefaultCacheAwareContextLoaderDelegate]
21:10:42.306 [Test worker] DEBUG org.springframework.test.context.BootstrapUtils - Instantiating BootstrapContext using constructor [public org.springframework.test.context.support.DefaultBootstrapContext(java.lang.Class,org.springframework.test.context.CacheAwareContextLoaderDelegate)]
21:10:42.319 [Test worker] DEBUG org.springframework.test.context.BootstrapUtils - Instantiating TestContextBootstrapper for test class [com.board.project.ProjectBoardApplicationTests] from class [org.springframework.boot.test.context.SpringBootTestContextBootstrapper]
21:10:42.325 [Test worker] INFO org.springframework.boot.test.context.SpringBootTestContextBootstrapper - Neither @ContextConfiguration nor @ContextHierarchy found for test class [com.board.project.ProjectBoardApplicationTests], using SpringBootContextLoader
21:10:42.327 [Test worker] DEBUG org.springframework.test.context.support.AbstractContextLoader - Did not detect default resource location for test class [com.board.project.ProjectBoardApplicationTests]: class path resource [com/board/project/ProjectBoardApplicationTests-context.xml] does not exist
21:10:42.327 [Test worker] DEBUG org.springframework.test.context.support.AbstractContextLoader - Did not detect default resource location for test class [com.board.project.ProjectBoardApplicationTests]: class path resource [com/board/project/ProjectBoardApplicationTestsContext.groovy] does not exist
21:10:42.327 [Test worker] INFO org.springframework.test.context.support.AbstractContextLoader - Could not detect default resource locations for test class [com.board.project.ProjectBoardApplicationTests]: no resource found for suffixes {-context.xml, Context.groovy}.
21:10:42.327 [Test worker] INFO org.springframework.test.context.support.AnnotationConfigContextLoaderUtils - Could not detect default configuration classes for test class [com.board.project.ProjectBoardApplicationTests]: ProjectBoardApplicationTests does not declare any static, non-private, non-final, nested classes annotated with @Configuration.
21:10:42.345 [Test worker] DEBUG org.springframework.test.context.support.ActiveProfilesUtils - Could not find an 'annotation declaring class' for annotation type [org.springframework.test.context.ActiveProfiles] and class [com.board.project.ProjectBoardApplicationTests]
21:10:42.378 [Test worker] DEBUG org.springframework.context.annotation.ClassPathScanningCandidateComponentProvider - Identified candidate component class: file [/Users/e/Documents/github/project-board-v2/project-board/project-board/project-board/build/classes/java/main/com/board/project/ProjectBoardApplication.class]
21:10:42.378 [Test worker] INFO org.springframework.boot.test.context.SpringBootTestContextBootstrapper - Found @SpringBootConfiguration com.board.project.ProjectBoardApplication for test class com.board.project.ProjectBoardApplicationTests
21:10:42.420 [Test worker] DEBUG org.springframework.boot.test.context.SpringBootTestContextBootstrapper - @TestExecutionListeners is not present for class [com.board.project.ProjectBoardApplicationTests]: using defaults.
21:10:42.420 [Test worker] INFO org.springframework.boot.test.context.SpringBootTestContextBootstrapper - Loaded default TestExecutionListener class names from location [META-INF/spring.factories]: [org.springframework.boot.test.autoconfigure.restdocs.RestDocsTestExecutionListener, org.springframework.boot.test.autoconfigure.web.client.MockRestServiceServerResetTestExecutionListener, org.springframework.boot.test.autoconfigure.web.servlet.MockMvcPrintOnlyOnFailureTestExecutionListener, org.springframework.boot.test.autoconfigure.web.servlet.WebDriverTestExecutionListener, org.springframework.boot.test.autoconfigure.webservices.client.MockWebServiceServerTestExecutionListener, org.springframework.boot.test.mock.mockito.MockitoTestExecutionListener, org.springframework.boot.test.mock.mockito.ResetMocksTestExecutionListener, org.springframework.test.context.web.ServletTestExecutionListener, org.springframework.test.context.support.DirtiesContextBeforeModesTestExecutionListener, org.springframework.test.context.event.ApplicationEventsTestExecutionListener, org.springframework.test.context.support.DependencyInjectionTestExecutionListener, org.springframework.test.context.support.DirtiesContextTestExecutionListener, org.springframework.test.context.transaction.TransactionalTestExecutionListener, org.springframework.test.context.jdbc.SqlScriptsTestExecutionListener, org.springframework.test.context.event.EventPublishingTestExecutionListener]
21:10:42.430 [Test worker] INFO org.springframework.boot.test.context.SpringBootTestContextBootstrapper - Using TestExecutionListeners: [org.springframework.test.context.web.ServletTestExecutionListener@28a2a3e7, org.springframework.test.context.support.DirtiesContextBeforeModesTestExecutionListener@3f2049b6, org.springframework.test.context.event.ApplicationEventsTestExecutionListener@10b3df93, org.springframework.boot.test.mock.mockito.MockitoTestExecutionListener@ea27e34, org.springframework.boot.test.autoconfigure.SpringBootDependencyInjectionTestExecutionListener@33a2499c, org.springframework.test.context.support.DirtiesContextTestExecutionListener@e72dba7, org.springframework.test.context.transaction.TransactionalTestExecutionListener@33c2bd, org.springframework.test.context.jdbc.SqlScriptsTestExecutionListener@1dfd5f51, org.springframework.test.context.event.EventPublishingTestExecutionListener@3c321bdb, org.springframework.boot.test.autoconfigure.restdocs.RestDocsTestExecutionListener@24855019, org.springframework.boot.test.autoconfigure.web.client.MockRestServiceServerResetTestExecutionListener@3abd581e, org.springframework.boot.test.autoconfigure.web.servlet.MockMvcPrintOnlyOnFailureTestExecutionListener@4d4d8fcf, org.springframework.boot.test.autoconfigure.web.servlet.WebDriverTestExecutionListener@610db97e, org.springframework.boot.test.autoconfigure.webservices.client.MockWebServiceServerTestExecutionListener@6f0628de, org.springframework.boot.test.mock.mockito.ResetMocksTestExecutionListener@3fabf088]
21:10:42.432 [Test worker] DEBUG org.springframework.test.context.support.AbstractDirtiesContextTestExecutionListener - Before test class: context [DefaultTestContext@6ca320ab testClass = ProjectBoardApplicationTests, testInstance = [null], testMethod = [null], testException = [null], mergedContextConfiguration = [WebMergedContextConfiguration@50d68830 testClass = ProjectBoardApplicationTests, locations = '{}', classes = '{class com.board.project.ProjectBoardApplication}', contextInitializerClasses = '[]', activeProfiles = '{}', propertySourceLocations = '{}', propertySourceProperties = '{org.springframework.boot.test.context.SpringBootTestContextBootstrapper=true}', contextCustomizers = set[org.springframework.boot.test.autoconfigure.actuate.metrics.MetricsExportContextCustomizerFactory$DisableMetricExportContextCustomizer@5b444398, org.springframework.boot.test.autoconfigure.properties.PropertyMappingContextCustomizer@0, org.springframework.boot.test.autoconfigure.web.servlet.WebDriverContextCustomizerFactory$Customizer@40c80397, org.springframework.boot.test.context.filter.ExcludeFilterContextCustomizer@7c2b6087, org.springframework.boot.test.json.DuplicateJsonObjectContextCustomizerFactory$DuplicateJsonObjectContextCustomizer@7b324585, org.springframework.boot.test.mock.mockito.MockitoContextCustomizer@0, org.springframework.boot.test.web.client.TestRestTemplateContextCustomizer@dcfda20, org.springframework.boot.test.context.SpringBootTestArgs@1, org.springframework.boot.test.context.SpringBootTestWebEnvironment@6950ed69], resourceBasePath = 'src/main/webapp', contextLoader = 'org.springframework.boot.test.context.SpringBootContextLoader', parent = [null]], attributes = map['org.springframework.test.context.web.ServletTestExecutionListener.activateListener' -> true]], class annotated with @DirtiesContext [false] with mode [null].

  .   ____          _            __ _ _
 /\\ / ___'_ __ _ _(_)_ __  __ _ \ \ \ \
( ( )\___ | '_ | '_| | '_ \/ _` | \ \ \ \
 \\/  ___)| |_)| | | | | || (_| |  ) ) ) )
  '  |____| .__|_| |_|_| |_\__, | / / / /
 =========|_|==============|___/=/_/_/_/
 :: Spring Boot ::               (v2.7.14)

2023-08-12 21:10:42.752  INFO 12561 --- [    Test worker] c.b.p.ProjectBoardApplicationTests       : Starting ProjectBoardApplicationTests using Java 17.0.8 on dui-MacBookAir.local with PID 12561 (started by e in /Users/e/Documents/github/project-board-v2/project-board/project-board/project-board)
2023-08-12 21:10:42.754 DEBUG 12561 --- [    Test worker] c.b.p.ProjectBoardApplicationTests       : Running with Spring Boot v2.7.14, Spring v5.3.29
2023-08-12 21:10:42.754  INFO 12561 --- [    Test worker] c.b.p.ProjectBoardApplicationTests       : No active profile set, falling back to 1 default profile: "default"
2023-08-12 21:10:43.427  INFO 12561 --- [    Test worker] .s.d.r.c.RepositoryConfigurationDelegate : Bootstrapping Spring Data JPA repositories in DEFAULT mode.
2023-08-12 21:10:43.437  INFO 12561 --- [    Test worker] .s.d.r.c.RepositoryConfigurationDelegate : Finished Spring Data repository scanning in 4 ms. Found 0 JPA repository interfaces.
2023-08-12 21:10:43.754  INFO 12561 --- [    Test worker] o.hibernate.jpa.internal.util.LogHelper  : HHH000204: Processing PersistenceUnitInfo [name: default]
2023-08-12 21:10:43.787  INFO 12561 --- [    Test worker] org.hibernate.Version                    : HHH000412: Hibernate ORM core version 5.6.15.Final
2023-08-12 21:10:43.866  INFO 12561 --- [    Test worker] o.hibernate.annotations.common.Version   : HCANN000001: Hibernate Commons Annotations {5.1.2.Final}
2023-08-12 21:10:43.913  INFO 12561 --- [    Test worker] com.zaxxer.hikari.HikariDataSource       : HikariPool-1 - Starting...
2023-08-12 21:10:44.158  INFO 12561 --- [    Test worker] com.zaxxer.hikari.HikariDataSource       : HikariPool-1 - Start completed.
2023-08-12 21:10:44.172  INFO 12561 --- [    Test worker] org.hibernate.dialect.Dialect            : HHH000400: Using dialect: org.hibernate.dialect.MySQL8Dialect
2023-08-12 21:10:44.260  INFO 12561 --- [    Test worker] o.h.e.t.j.p.i.JtaPlatformInitiator       : HHH000490: Using JtaPlatform implementation: [org.hibernate.engine.transaction.jta.platform.internal.NoJtaPlatform]
2023-08-12 21:10:44.264  INFO 12561 --- [    Test worker] j.LocalContainerEntityManagerFactoryBean : Initialized JPA EntityManagerFactory for persistence unit 'default'
2023-08-12 21:10:44.362  WARN 12561 --- [    Test worker] JpaBaseConfiguration$JpaWebConfiguration : spring.jpa.open-in-view is enabled by default. Therefore, database queries may be performed during view rendering. Explicitly configure spring.jpa.open-in-view to disable this warning
2023-08-12 21:10:44.517 DEBUG 12561 --- [    Test worker] s.w.s.m.m.a.RequestMappingHandlerAdapter : ControllerAdvice beans: 0 @ModelAttribute, 0 @InitBinder, 1 RequestBodyAdvice, 1 ResponseBodyAdvice
2023-08-12 21:10:44.533  INFO 12561 --- [    Test worker] o.s.b.a.h2.H2ConsoleAutoConfiguration    : H2 console available at '/h2-console'. Database available at 'jdbc:mysql://localhost:3306/board'
2023-08-12 21:10:44.574 DEBUG 12561 --- [    Test worker] s.w.s.m.m.a.RequestMappingHandlerMapping : 2 mappings in 'requestMappingHandlerMapping'
2023-08-12 21:10:44.594 DEBUG 12561 --- [    Test worker] o.s.w.s.handler.SimpleUrlHandlerMapping  : Patterns [/webjars/**, /**] in 'resourceHandlerMapping'
2023-08-12 21:10:44.602 DEBUG 12561 --- [    Test worker] .m.m.a.ExceptionHandlerExceptionResolver : ControllerAdvice beans: 0 @ExceptionHandler, 1 ResponseBodyAdvice
2023-08-12 21:10:44.794  INFO 12561 --- [    Test worker] o.s.b.a.e.web.EndpointLinksResolver      : Exposing 13 endpoint(s) beneath base path '/actuator'
2023-08-12 21:10:44.820  INFO 12561 --- [    Test worker] c.b.p.ProjectBoardApplicationTests       : Started ProjectBoardApplicationTests in 2.372 seconds (JVM running for 2.88)
]]></system-out>
  <system-err><![CDATA[]]></system-err>
</testsuite>
